<?xml version="1.0" encoding="UTF-8"?>
<!-- Generated by org.testng.reporters.JUnitReportReporter -->
<testsuite skipped="0" hostname="LAPTOP-CHAAP4R1" name="com.automation.tests.TestClass" tests="3" failures="0" timestamp="13 Mar 2020 17:11:57 GMT" time="39.102" errors="0">
  <testcase name="test1" time="13.099" classname="com.automation.tests.TestClass"/>
  <testcase name="test3" time="12.643" classname="com.automation.tests.TestClass"/>
  <testcase name="test2" time="13.360" classname="com.automation.tests.TestClass"/>
</testsuite> <!-- com.automation.tests.TestClass -->
